[debug] [2022-08-12T11:02:31.974Z] ----------------------------------------------------------------------
[debug] [2022-08-12T11:02:31.975Z] Command:       /usr/local/bin/firebase /Users/alexandrebignalet/.cache/firebase/tools/lib/node_modules/firebase-tools/lib/bin/firebase emulators:start --only database
[debug] [2022-08-12T11:02:31.976Z] CLI Version:   11.6.0
[debug] [2022-08-12T11:02:31.976Z] Platform:      darwin
[debug] [2022-08-12T11:02:31.976Z] Node Version:  v16.16.0
[debug] [2022-08-12T11:02:31.977Z] Time:          Fri Aug 12 2022 13:02:31 GMT+0200 (Central European Summer Time)
[debug] [2022-08-12T11:02:31.977Z] ----------------------------------------------------------------------
[debug] 
[debug] [2022-08-12T11:02:32.024Z] > command requires scopes: ["email","openid","https://www.googleapis.com/auth/cloudplatformprojects.readonly","https://www.googleapis.com/auth/firebase","https://www.googleapis.com/auth/cloud-platform"]
[debug] [2022-08-12T11:02:32.024Z] > authorizing via signed-in user (alexandre.bignalet@gmail.com)
[debug] [2022-08-12T11:02:32.068Z] openjdk version "17" 2021-09-14
OpenJDK Runtime Environment Temurin-17+35 (build 17+35)

[debug] [2022-08-12T11:02:32.069Z] OpenJDK 64-Bit Server VM Temurin-17+35 (build 17+35, mixed mode, sharing)

[debug] [2022-08-12T11:02:32.072Z] Parsed Java major version: 17
[info] i  emulators: Starting emulators: database {"metadata":{"emulator":{"name":"hub"},"message":"Starting emulators: database"}}
[debug] [2022-08-12T11:02:32.081Z] [hub] writing locator at /var/folders/j1/p2605m1n0ljclvhr87wvpp100000gn/T/hub-ab-perudo-game.json
[debug] [2022-08-12T11:02:32.090Z] >>> [apiv2][query] GET https://firebase.googleapis.com/v1beta1/projects/ab-perudo-game [none]
[debug] [2022-08-12T11:02:35.671Z] <<< [apiv2][status] GET https://firebase.googleapis.com/v1beta1/projects/ab-perudo-game 200
[debug] [2022-08-12T11:02:35.671Z] <<< [apiv2][body] GET https://firebase.googleapis.com/v1beta1/projects/ab-perudo-game {"projectId":"ab-perudo-game","projectNumber":"721654704007","displayName":"ab-perudo-game","name":"projects/ab-perudo-game","resources":{"hostingSite":"ab-perudo-game","realtimeDatabaseInstance":"ab-perudo-game-default-rtdb","storageBucket":"ab-perudo-game.appspot.com","locationId":"europe-west"},"state":"ACTIVE","etag":"1_cd7d29e8-46b9-4011-9da0-779774cb5ca5"}
[debug] [2022-08-12T11:02:35.671Z] database rules config:  [{"instance":"ab-perudo-game-default-rtdb","rules":"/Users/alexandrebignalet/Documents/perso/perudo/database.rules.json"}]
[debug] [2022-08-12T11:02:35.674Z] Ignoring unsupported arg: projectId {"metadata":{"emulator":{"name":"database"},"message":"Ignoring unsupported arg: projectId"}}
[debug] [2022-08-12T11:02:35.674Z] Ignoring unsupported arg: auto_download {"metadata":{"emulator":{"name":"database"},"message":"Ignoring unsupported arg: auto_download"}}
[debug] [2022-08-12T11:02:35.674Z] Ignoring unsupported arg: rules {"metadata":{"emulator":{"name":"database"},"message":"Ignoring unsupported arg: rules"}}
[debug] [2022-08-12T11:02:35.674Z] Starting Database Emulator with command {"binary":"java","args":["-Duser.language=en","-jar","/Users/alexandrebignalet/.cache/firebase/emulators/firebase-database-emulator-v4.8.0.jar","--host","localhost","--port",15000],"optionalArgs":["port","host","functions_emulator_port","functions_emulator_host"],"joinArgs":false} {"metadata":{"emulator":{"name":"database"},"message":"Starting Database Emulator with command {\"binary\":\"java\",\"args\":[\"-Duser.language=en\",\"-jar\",\"/Users/alexandrebignalet/.cache/firebase/emulators/firebase-database-emulator-v4.8.0.jar\",\"--host\",\"localhost\",\"--port\",15000],\"optionalArgs\":[\"port\",\"host\",\"functions_emulator_port\",\"functions_emulator_host\"],\"joinArgs\":false}"}}
[info] i  database: Database Emulator logging to database-debug.log {"metadata":{"emulator":{"name":"database"},"message":"Database Emulator logging to \u001b[1mdatabase-debug.log\u001b[22m"}}
[debug] [2022-08-12T11:02:36.678Z] 13:02:36.677 [NamespaceSystem-akka.actor.default-dispatcher-4] INFO akka.event.slf4j.Slf4jLogger - Slf4jLogger started
 {"metadata":{"emulator":{"name":"database"},"message":"13:02:36.677 [NamespaceSystem-akka.actor.default-dispatcher-4] INFO akka.event.slf4j.Slf4jLogger - Slf4jLogger started\n"}}
[debug] [2022-08-12T11:02:36.850Z] 13:02:36.850 [main] INFO com.firebase.server.forge.App$ - Listening at localhost:15000
 {"metadata":{"emulator":{"name":"database"},"message":"13:02:36.850 [main] INFO com.firebase.server.forge.App$ - Listening at localhost:15000\n"}}
[debug] [2022-08-12T11:02:36.951Z] Ignoring unsupported arg: auto_download {"metadata":{"emulator":{"name":"ui"},"message":"Ignoring unsupported arg: auto_download"}}
[debug] [2022-08-12T11:02:36.951Z] Ignoring unsupported arg: port {"metadata":{"emulator":{"name":"ui"},"message":"Ignoring unsupported arg: port"}}
[debug] [2022-08-12T11:02:36.951Z] Starting Emulator UI with command {"binary":"node","args":["/Users/alexandrebignalet/.cache/firebase/emulators/ui-v1.9.0/server/server.js"],"optionalArgs":[],"joinArgs":false} {"metadata":{"emulator":{"name":"ui"},"message":"Starting Emulator UI with command {\"binary\":\"node\",\"args\":[\"/Users/alexandrebignalet/.cache/firebase/emulators/ui-v1.9.0/server/server.js\"],\"optionalArgs\":[],\"joinArgs\":false}"}}
[info] i  ui: Emulator UI logging to ui-debug.log {"metadata":{"emulator":{"name":"ui"},"message":"Emulator UI logging to \u001b[1mui-debug.log\u001b[22m"}}
[debug] [2022-08-12T11:02:37.142Z] Web / API server started at localhost:4000
 {"metadata":{"emulator":{"name":"ui"},"message":"Web / API server started at localhost:4000\n"}}
[debug] [2022-08-12T11:02:37.213Z] >>> [apiv2][query] PUT http://localhost:15000/.settings/rules.json ns=ab-perudo-game-default-rtdb
[debug] [2022-08-12T11:02:37.213Z] >>> [apiv2][body] PUT http://localhost:15000/.settings/rules.json "{\n  /* Visit https://firebase.google.com/docs/database/security to learn more about security rules. */\n  \"rules\": {\n    \".read\": true,\n    \".write\": true\n  }\n}\n"
[debug] [2022-08-12T11:02:37.466Z] 13:02:37.466 [NamespaceSystem-akka.actor.default-dispatcher-4] INFO com.firebase.core.namespace.NamespaceActor - ab-perudo-game-default-rtdb successfully activated FBKV (SurveyIdle(0)) wait: 122ms, init: 0ms
 {"metadata":{"emulator":{"name":"database"},"message":"13:02:37.466 [NamespaceSystem-akka.actor.default-dispatcher-4] INFO com.firebase.core.namespace.NamespaceActor - ab-perudo-game-default-rtdb successfully activated FBKV (SurveyIdle(0)) wait: 122ms, init: 0ms\n"}}
[debug] [2022-08-12T11:02:37.534Z] 13:02:37.534 [NamespaceSystem-blocking-namespace-operation-dispatcher-6:ab-perudo-game-default-rtdb$1842484375:] INFO com.firebase.core.namespace.StateManager - Namespace ab-perudo-game-default-rtdb status Active to Active
 {"metadata":{"emulator":{"name":"database"},"message":"13:02:37.534 [NamespaceSystem-blocking-namespace-operation-dispatcher-6:ab-perudo-game-default-rtdb$1842484375:] INFO com.firebase.core.namespace.StateManager - Namespace ab-perudo-game-default-rtdb status Active to Active\n"}}
[debug] [2022-08-12T11:02:37.559Z] <<< [apiv2][status] PUT http://localhost:15000/.settings/rules.json 200
[debug] [2022-08-12T11:02:37.560Z] <<< [apiv2][body] PUT http://localhost:15000/.settings/rules.json {"status":"ok"}
[info] 
┌─────────────────────────────────────────────────────────────┐
│ ✔  All emulators ready! It is now safe to connect your app. │
│ i  View Emulator UI at http://localhost:4000                │
└─────────────────────────────────────────────────────────────┘

┌──────────┬─────────────────┬────────────────────────────────┐
│ Emulator │ Host:Port       │ View in Emulator UI            │
├──────────┼─────────────────┼────────────────────────────────┤
│ Database │ localhost:15000 │ http://localhost:4000/database │
└──────────┴─────────────────┴────────────────────────────────┘
  Emulator Hub running at localhost:4400
  Other reserved ports: 4500

Issues? Report them at https://github.com/firebase/firebase-tools/issues and attach the *-debug.log files.
 
[debug] [2022-08-12T11:02:38.869Z] 13:02:38.869 [NamespaceSystem-akka.actor.default-dispatcher-4] INFO com.firebase.core.namespace.NamespaceActor - ab-perudo-game successfully activated FBKV (SurveyIdle(0)) wait: 7ms, init: 0ms
 {"metadata":{"emulator":{"name":"database"},"message":"13:02:38.869 [NamespaceSystem-akka.actor.default-dispatcher-4] INFO com.firebase.core.namespace.NamespaceActor - ab-perudo-game successfully activated FBKV (SurveyIdle(0)) wait: 7ms, init: 0ms\n"}}
